<?xml version="1.0" encoding="UTF-8"?>
<!-- Generated by org.testng.reporters.JUnitReportReporter -->
<testsuite hostname="DESKTOP-J07IHEV" name="AppiumTest" tests="2" failures="0" timestamp="8 Jun 2017 09:14:53 GMT" time="121.804" errors="0">
  <testcase name="ProfileUpdate" time="72.229" classname="AppiumTest"/>
  <testcase name="ProfileUpdateWithEmptyName" time="49.575" classname="AppiumTest"/>
</testsuite>
