<?xml version="1.0" encoding="UTF-8"?>
<!-- Generated by org.testng.reporters.JUnitReportReporter -->
<testsuite hostname="DESKTOP-J07IHEV" name="AppiumTest" tests="1" failures="0" timestamp="5 Jul 2017 05:43:48 GMT" time="53.679" errors="0">
  <testcase name="RegisterToTournament" time="53.679" classname="AppiumTest"/>
</testsuite>
